[2025-06-12 22:15:54,024] INFO - Connected to the database
[2025-06-12 22:15:54,034] INFO - Attempt to signup using email aliasgarsaify7049@gmail.com
[2025-06-12 22:15:54,488] INFO - user created successfully with the email - aliasgarsaify7049@gmail.com and role: UserRole.user
[2025-06-12 22:15:54,488] INFO - Database connection closed
[2025-06-12 22:16:30,517] INFO - Connected to the database
[2025-06-12 22:16:30,520] INFO - Attempt to signin using the email - aliasgarsaify7049@gmail.com
[2025-06-12 22:16:30,925] INFO - user with email - aliasgarsaify7049@gmail.com successfully signed in
[2025-06-12 22:16:30,926] INFO - Database connection closed
[2025-06-12 22:17:21,045] INFO - Connected to the database
[2025-06-12 22:17:21,083] INFO - Database connection closed
[2025-06-12 22:33:40,413] INFO - App restarted
[2025-06-12 22:35:55,677] INFO - App restarted
[2025-06-12 22:36:02,509] INFO - App restarted
[2025-06-12 22:40:34,423] INFO - App restarted
[2025-06-12 22:42:24,845] INFO - App restarted
[2025-06-12 22:44:50,160] INFO - App restarted
[2025-06-12 22:45:12,018] INFO - App restarted
[2025-06-12 22:52:01,495] INFO - App restarted
[2025-06-12 23:06:45,483] INFO - App restarted
[2025-06-12 23:07:11,712] INFO - Connected to the database
[2025-06-12 23:07:11,726] INFO - Database connection closed
[2025-06-12 23:07:31,530] INFO - Connected to the database
[2025-06-12 23:07:31,540] INFO - Attempt to signin using the email - aliasgarsaify7049@gmail.com
[2025-06-12 23:07:31,971] INFO - user with email - aliasgarsaify7049@gmail.com successfully signed in
[2025-06-12 23:07:31,973] INFO - Database connection closed
[2025-06-12 23:07:52,660] INFO - Connected to the database
[2025-06-12 23:07:52,665] INFO - request to view the cart by User.email
[2025-06-12 23:07:52,670] INFO - Database connection closed
[2025-06-12 23:13:16,743] INFO - App restarted
[2025-06-12 23:13:31,327] INFO - Connected to the database
[2025-06-12 23:13:31,354] INFO - request to view the cart by User.email
[2025-06-12 23:13:31,359] INFO - Database connection closed
[2025-06-13 09:23:00,574] INFO - App restarted
[2025-06-13 09:24:13,707] INFO - App restarted
[2025-06-13 09:24:23,541] INFO - App restarted
[2025-06-13 09:25:25,196] INFO - Connected to the database
[2025-06-13 09:25:25,220] INFO - Database connection closed
[2025-06-13 09:25:42,663] INFO - Connected to the database
[2025-06-13 09:25:42,669] INFO - Database connection closed
[2025-06-13 09:38:35,265] INFO - Connected to the database
[2025-06-13 09:38:35,289] INFO - Database connection closed
[2025-06-13 09:53:25,065] INFO - App restarted
[2025-06-13 09:55:41,077] INFO - App restarted
[2025-06-13 10:01:32,219] INFO - App restarted
[2025-06-13 10:01:48,311] INFO - Connected to the database
[2025-06-13 10:01:48,325] INFO - Database connection closed
[2025-06-13 10:02:01,766] INFO - Connected to the database
[2025-06-13 10:02:01,767] INFO - Database connection closed
[2025-06-13 10:02:15,865] INFO - Connected to the database
[2025-06-13 10:02:15,866] INFO - Attempt to signup using email user@example.com
[2025-06-13 10:02:16,318] INFO - user created successfully with the email - user@example.com and role: UserRole.user
[2025-06-13 10:02:16,319] INFO - Database connection closed
[2025-06-13 10:11:18,175] INFO - Connected to the database
[2025-06-13 10:11:18,183] INFO - attempt to reset the password using the free email service
[2025-06-13 10:11:18,222] INFO - password reset email sent to aayushp717@gmail.com
[2025-06-13 10:11:22,661] INFO - Database connection closed
[2025-06-13 10:11:57,944] INFO - Connected to the database
[2025-06-13 10:11:57,948] INFO - attempt to reset the password using the free email service
[2025-06-13 10:11:57,954] INFO - password reset email sent to aliasgarsaify7049@gmail.com
[2025-06-13 10:12:01,946] INFO - Database connection closed
[2025-06-13 10:14:04,442] INFO - App restarted
[2025-06-15 20:45:04,946] INFO - App restarted
[2025-06-15 20:45:34,530] INFO - App restarted
[2025-06-15 20:49:05,511] INFO - App restarted
[2025-06-15 20:53:56,125] INFO - App restarted
[2025-06-15 20:55:12,363] INFO - App restarted
[2025-06-15 20:57:42,981] INFO - App restarted
[2025-06-15 20:58:38,555] INFO - App restarted
[2025-06-15 20:59:01,180] INFO - App restarted
[2025-06-15 21:00:38,041] INFO - App restarted
[2025-06-15 21:01:41,154] INFO - App restarted
[2025-06-15 21:02:20,849] INFO - App restarted
[2025-06-15 21:02:24,453] INFO - App restarted
[2025-06-15 21:04:32,352] INFO - App restarted
[2025-06-15 21:05:30,047] INFO - App restarted
[2025-06-15 21:05:44,864] INFO - App restarted
[2025-06-15 21:06:39,174] INFO - App restarted
